<?xml version="1.0" encoding="UTF-8"?>
<testng-results ignored="0" total="1" passed="1" failed="0" skipped="0">
  <reporter-output>
  </reporter-output>
  <suite started-at="2026-04-10T00:20:55 IST" name="Surefire suite" finished-at="2026-04-10T00:20:59 IST" duration-ms="3822">
    <groups>
    </groups>
    <test started-at="2026-04-10T00:20:55 IST" name="Surefire test" finished-at="2026-04-10T00:20:59 IST" duration-ms="3822">
      <class name="LoginTest">
        <test-method signature="testLogin()[pri:0, instance:LoginTest@3514a4c0]" started-at="2026-04-10T00:20:55 IST" name="testLogin" finished-at="2026-04-10T00:20:59 IST" duration-ms="3777" status="PASS">
          <reporter-output>
          </reporter-output>
        </test-method> <!-- testLogin -->
      </class> <!-- LoginTest -->
    </test> <!-- Surefire test -->
  </suite> <!-- Surefire suite -->
</testng-results>
